Base path: 'C:/Program Files/Unity/Hub/Editor/2019.3.15f1/Editor/Data', plugins path 'C:/Program Files/Unity/Hub/Editor/2019.3.15f1/Editor/Data/PlaybackEngines'
Cmd: initializeCompiler
Cmd: preprocess
  insize=811 outsize=209 ok=1
Cmd: preprocess
  insize=811 outsize=209 ok=1
Cmd: preprocess
  insize=811 outsize=209 ok=1
Cmd: preprocess
  insize=811 outsize=209 ok=1
Cmd: preprocess
  insize=811 outsize=209 ok=1
Cmd: preprocess
  insize=811 outsize=209 ok=1
Cmd: preprocess
  insize=811 outsize=209 ok=1
Cmd: preprocess
  insize=811 outsize=209 ok=1
Cmd: preprocess
  insize=811 outsize=209 ok=1
Cmd: preprocess
  insize=811 outsize=209 ok=1
Cmd: preprocess
  insize=811 outsize=209 ok=1
Cmd: preprocess
  insize=811 outsize=209 ok=1
Cmd: preprocess
  insize=4171 outsize=419 ok=1
Cmd: preprocess
  insize=3591 outsize=414 ok=1
Cmd: preprocess
  insize=3384 outsize=415 ok=1
Cmd: preprocess
  insize=58493 outsize=2682 ok=1
Cmd: preprocess
  insize=5317 outsize=423 ok=1
Cmd: preprocess
  insize=3196 outsize=410 ok=1
Cmd: preprocess
  insize=811 outsize=209 ok=1
Cmd: preprocess
  insize=3196 outsize=410 ok=1
Cmd: preprocess
  insize=811 outsize=209 ok=1
Cmd: preprocess
  insize=3555 outsize=419 ok=1
Cmd: preprocess
  insize=4684 outsize=423 ok=1
Cmd: preprocess
  insize=56901 outsize=2681 ok=1
Cmd: preprocess
  insize=3370 outsize=419 ok=1
Cmd: preprocess
  insize=4499 outsize=423 ok=1
Cmd: preprocess
  insize=56274 outsize=2682 ok=1
Cmd: preprocess
  insize=811 outsize=209 ok=1
Cmd: preprocess
  insize=811 outsize=209 ok=1
Cmd: preprocess
  insize=811 outsize=209 ok=1
Cmd: preprocess
  insize=811 outsize=209 ok=1
Cmd: preprocess
  insize=811 outsize=209 ok=1
Cmd: preprocess
  insize=811 outsize=209 ok=1
Cmd: preprocess
  insize=811 outsize=209 ok=1
Cmd: preprocess
  insize=811 outsize=209 ok=1
Cmd: preprocess
  insize=811 outsize=209 ok=1
Cmd: preprocess
  insize=811 outsize=209 ok=1
Cmd: preprocess
  insize=811 outsize=209 ok=1
Cmd: preprocess
  insize=811 outsize=209 ok=1
Cmd: preprocess
  insize=3555 outsize=419 ok=1
Cmd: preprocess
  insize=56901 outsize=2681 ok=1
Cmd: preprocess
  insize=4684 outsize=423 ok=1
Cmd: preprocess
  insize=3196 outsize=410 ok=1
Cmd: preprocess
  insize=3196 outsize=410 ok=1
Cmd: preprocess
  insize=3599 outsize=419 ok=1
Cmd: preprocess
  insize=4728 outsize=423 ok=1
Cmd: preprocess
  insize=57057 outsize=2682 ok=1
Cmd: preprocess
  insize=4058 outsize=419 ok=1
Cmd: preprocess
  insize=4969 outsize=423 ok=1
Cmd: preprocess
  insize=57876 outsize=2681 ok=1
Cmd: preprocess
  insize=54631 outsize=2692 ok=1
Cmd: preprocess
  insize=54631 outsize=2692 ok=1
Cmd: compileSnippet
  api=4 type=0 insize=14437 outsize=2066 kw=_ADDITIONAL_LIGHTS pd=UNITY_ENABLE_REFLECTION_BUFFERS UNITY_USE_DITHER_MASK_FOR_ALPHABLENDED_SHADOWS UNITY_PBS_USE_BRDF1 UNITY_SPECCUBE_BOX_PROJECTION UNITY_SPECCUBE_BLENDING UNITY_ENABLE_DETAIL_NORMALMAP SHADER_API_DESKTOP UNITY_LIGHT_PROBE_PROXY_VOLUME UNITY_LIGHTMAP_RGBM_ENCODING ok=1
Cmd: compileSnippet
  api=4 type=1 insize=14437 outsize=3722 kw=_ADDITIONAL_LIGHTS pd=UNITY_ENABLE_REFLECTION_BUFFERS UNITY_USE_DITHER_MASK_FOR_ALPHABLENDED_SHADOWS UNITY_PBS_USE_BRDF1 UNITY_SPECCUBE_BOX_PROJECTION UNITY_SPECCUBE_BLENDING UNITY_ENABLE_DETAIL_NORMALMAP SHADER_API_DESKTOP UNITY_LIGHT_PROBE_PROXY_VOLUME UNITY_LIGHTMAP_RGBM_ENCODING ok=1
Cmd: preprocess
  insize=811 outsize=209 ok=1
Cmd: preprocess
  insize=811 outsize=209 ok=1
Cmd: preprocess
  insize=811 outsize=209 ok=1
Cmd: preprocess
  insize=811 outsize=209 ok=1
Cmd: preprocess
  insize=811 outsize=209 ok=1
Cmd: preprocess
  insize=811 outsize=209 ok=1
Cmd: preprocess
  insize=811 outsize=209 ok=1
Cmd: preprocess
  insize=811 outsize=209 ok=1
Cmd: preprocess
  insize=811 outsize=209 ok=1
Cmd: preprocess
  insize=811 outsize=209 ok=1
Cmd: preprocess
  insize=811 outsize=209 ok=1
Cmd: preprocess
  insize=811 outsize=209 ok=1
Cmd: preprocess
  insize=3196 outsize=410 ok=1
Cmd: preprocess
  insize=3196 outsize=410 ok=1
Cmd: preprocess
  insize=4969 outsize=423 ok=1
Cmd: preprocess
  insize=57876 outsize=2681 ok=1
Cmd: preprocess
  insize=4058 outsize=419 ok=1
Cmd: preprocess
  insize=4058 outsize=419 ok=1
Cmd: preprocess
  insize=4969 outsize=423 ok=1
Cmd: preprocess
  insize=57876 outsize=2681 ok=1
Cmd: preprocess
  insize=54631 outsize=2692 ok=1
Cmd: preprocess
  insize=811 outsize=209 ok=1
Cmd: preprocess
  insize=3370 outsize=419 ok=1
Cmd: preprocess
  insize=3599 outsize=419 ok=1
Cmd: preprocess
  insize=4058 outsize=418 ok=1
Cmd: preprocess
  insize=4101 outsize=423 ok=1
Cmd: preprocess
  insize=54969 outsize=2682 ok=1
Cmd: compileSnippet
  api=4 type=0 insize=9082 outsize=1026 kw=UNITY_PASS_SHADOWCASTER pd=UNITY_ENABLE_REFLECTION_BUFFERS UNITY_USE_DITHER_MASK_FOR_ALPHABLENDED_SHADOWS UNITY_PBS_USE_BRDF1 UNITY_SPECCUBE_BOX_PROJECTION UNITY_SPECCUBE_BLENDING UNITY_ENABLE_DETAIL_NORMALMAP SHADER_API_DESKTOP UNITY_LIGHT_PROBE_PROXY_VOLUME UNITY_LIGHTMAP_RGBM_ENCODING ok=1
Cmd: preprocess
  insize=811 outsize=209 ok=1
Cmd: preprocess
  insize=3284 outsize=412 ok=1
Cmd: preprocess
  insize=811 outsize=209 ok=1
Cmd: preprocess
  insize=3284 outsize=412 ok=1
Cmd: preprocess
  insize=4376 outsize=412 ok=1
Cmd: preprocess
  insize=4376 outsize=412 ok=1
Cmd: preprocess
  insize=811 outsize=209 ok=1
Cmd: preprocess
  insize=3206 outsize=411 ok=1
Cmd: preprocess
  insize=4625 outsize=411 ok=1
Cmd: preprocess
  insize=5029 outsize=411 ok=1
Cmd: preprocess
  insize=5948 outsize=424 ok=1
Cmd: preprocess
  insize=61389 outsize=2681 ok=1
Cmd: compileSnippet
  api=4 type=0 insize=9082 outsize=1026 kw=UNITY_PASS_SHADOWCASTER pd=UNITY_ENABLE_REFLECTION_BUFFERS UNITY_USE_DITHER_MASK_FOR_ALPHABLENDED_SHADOWS UNITY_PBS_USE_BRDF1 UNITY_SPECCUBE_BOX_PROJECTION UNITY_SPECCUBE_BLENDING UNITY_ENABLE_DETAIL_NORMALMAP SHADER_API_DESKTOP UNITY_LIGHT_PROBE_PROXY_VOLUME UNITY_LIGHTMAP_RGBM_ENCODING ok=1
Cmd: preprocess
  insize=811 outsize=209 ok=1
Cmd: preprocess
  insize=3171 outsize=413 ok=1
Cmd: preprocess
  insize=4259 outsize=413 ok=1
Cmd: preprocess
  insize=55707 outsize=2681 ok=1
Cmd: preprocess
  insize=52462 outsize=2689 ok=1
Cmd: preprocess
  insize=52462 outsize=2689 ok=1
Cmd: preprocess
  insize=811 outsize=209 ok=1
Cmd: preprocess
  insize=3256 outsize=416 ok=1
Cmd: preprocess
  insize=50842 outsize=2678 ok=1
Cmd: preprocess
  insize=4547 outsize=416 ok=1
Cmd: preprocess
  insize=5056 outsize=416 ok=1
Cmd: preprocess
  insize=4625 outsize=411 ok=1
Cmd: preprocess
  insize=5544 outsize=424 ok=1
Cmd: preprocess
  insize=5491 outsize=412 ok=1
Cmd: preprocess
  insize=6410 outsize=424 ok=1
Cmd: preprocess
  insize=811 outsize=209 ok=1
Cmd: preprocess
  insize=3192 outsize=416 ok=1
Cmd: preprocess
  insize=4481 outsize=416 ok=1
Cmd: preprocess
  insize=811 outsize=209 ok=1
Cmd: preprocess
  insize=3256 outsize=416 ok=1
Cmd: preprocess
  insize=4766 outsize=416 ok=1
Cmd: preprocess
  insize=5301 outsize=412 ok=1
Cmd: preprocess
  insize=6220 outsize=424 ok=1
Cmd: preprocess
  insize=811 outsize=209 ok=1
Cmd: preprocess
  insize=811 outsize=209 ok=1
Cmd: preprocess
  insize=811 outsize=209 ok=1
Cmd: preprocess
  insize=811 outsize=209 ok=1
Cmd: preprocess
  insize=811 outsize=209 ok=1
Cmd: preprocess
  insize=811 outsize=209 ok=1
Cmd: preprocess
  insize=811 outsize=209 ok=1
Cmd: preprocess
  insize=811 outsize=209 ok=1
Cmd: preprocess
  insize=811 outsize=209 ok=1
Cmd: preprocess
  insize=811 outsize=209 ok=1
Cmd: preprocess
  insize=811 outsize=209 ok=1
Cmd: preprocess
  insize=811 outsize=209 ok=1
Cmd: preprocess
  insize=811 outsize=209 ok=1
Cmd: preprocess
  insize=811 outsize=209 ok=1
Cmd: preprocess
  insize=811 outsize=209 ok=1
Cmd: preprocess
  insize=811 outsize=209 ok=1
Cmd: preprocess
  insize=811 outsize=209 ok=1
Cmd: preprocess
  insize=811 outsize=209 ok=1
Cmd: preprocess
  insize=811 outsize=209 ok=1
Cmd: preprocess
  insize=811 outsize=209 ok=1
Cmd: preprocess
  insize=3196 outsize=410 ok=1
Cmd: preprocess
  insize=3196 outsize=410 ok=1
Cmd: preprocess
  insize=6410 outsize=424 ok=1
Cmd: preprocess
  insize=50842 outsize=2678 ok=1
Cmd: preprocess
  insize=4058 outsize=419 ok=1
Cmd: preprocess
  insize=4058 outsize=418 ok=1
Cmd: preprocess
  insize=4376 outsize=412 ok=1
Cmd: preprocess
  insize=4376 outsize=412 ok=1
Cmd: preprocess
  insize=5491 outsize=412 ok=1
Cmd: preprocess
  insize=4259 outsize=413 ok=1
Cmd: preprocess
  insize=5056 outsize=416 ok=1
Cmd: preprocess
  insize=4481 outsize=416 ok=1
Cmd: preprocess
  insize=4766 outsize=416 ok=1
Cmd: preprocess
  insize=811 outsize=209 ok=1
Cmd: preprocess
  insize=811 outsize=209 ok=1
Cmd: preprocess
  insize=811 outsize=209 ok=1
Cmd: preprocess
  insize=811 outsize=209 ok=1
Cmd: preprocess
  insize=811 outsize=209 ok=1
Cmd: preprocess
  insize=811 outsize=209 ok=1
Cmd: preprocess
  insize=811 outsize=209 ok=1
Cmd: preprocess
  insize=811 outsize=209 ok=1
Cmd: preprocess
  insize=811 outsize=209 ok=1
Cmd: preprocess
  insize=811 outsize=209 ok=1
Cmd: preprocess
  insize=811 outsize=209 ok=1
Cmd: preprocess
  insize=811 outsize=209 ok=1
Cmd: preprocess
  insize=811 outsize=209 ok=1
Cmd: preprocess
  insize=811 outsize=209 ok=1
Cmd: preprocess
  insize=811 outsize=209 ok=1
Cmd: preprocess
  insize=811 outsize=209 ok=1
Cmd: preprocess
  insize=811 outsize=209 ok=1
Cmd: preprocess
  insize=811 outsize=209 ok=1
Cmd: preprocess
  insize=811 outsize=209 ok=1
Cmd: preprocess
  insize=811 outsize=209 ok=1
Cmd: preprocess
  insize=3196 outsize=410 ok=1
Cmd: preprocess
  insize=3196 outsize=410 ok=1
Cmd: preprocess
  insize=6410 outsize=424 ok=1
Cmd: preprocess
  insize=50842 outsize=2678 ok=1
Cmd: preprocess
  insize=4058 outsize=419 ok=1
Cmd: preprocess
  insize=4058 outsize=418 ok=1
Cmd: preprocess
  insize=4376 outsize=412 ok=1
Cmd: preprocess
  insize=4376 outsize=412 ok=1
Cmd: preprocess
  insize=5491 outsize=412 ok=1
Cmd: preprocess
  insize=4259 outsize=413 ok=1
Cmd: preprocess
  insize=5056 outsize=416 ok=1
Cmd: preprocess
  insize=4481 outsize=416 ok=1
Cmd: preprocess
  insize=4766 outsize=416 ok=1
Cmd: preprocess
  insize=5301 outsize=412 ok=1
Cmd: preprocess
  insize=6220 outsize=424 ok=1
Cmd: preprocess
  insize=5061 outsize=417 ok=1
Cmd: preprocess
  insize=5857 outsize=412 ok=1
Cmd: preprocess
  insize=6776 outsize=424 ok=1
Cmd: preprocess
  insize=47809 outsize=2688 ok=1
Cmd: preprocess
  insize=64461 outsize=2681 ok=1
Cmd: preprocess
  insize=60346 outsize=2691 ok=1
Cmd: preprocess
  insize=56544 outsize=2682 ok=1
Cmd: compileSnippet
  error: 1 plat 4 at (163): implicit truncation of vector type\nCompiling Vertex program with _ADDITIONAL_LIGHTS
Platform defines: UNITY_ENABLE_REFLECTION_BUFFERS UNITY_USE_DITHER_MASK_FOR_ALPHABLENDED_SHADOWS UNITY_PBS_USE_BRDF1 UNITY_SPECCUBE_BOX_PROJECTION UNITY_SPECCUBE_BLENDING UNITY_ENABLE_DETAIL_NORMALMAP SHADER_API_DESKTOP UNITY_LIGHT_PROBE_PROXY_VOLUME UNITY_LIGHTMAP_RGBM_ENCODING
  api=4 type=0 insize=14722 outsize=2066 kw=_ADDITIONAL_LIGHTS pd=UNITY_ENABLE_REFLECTION_BUFFERS UNITY_USE_DITHER_MASK_FOR_ALPHABLENDED_SHADOWS UNITY_PBS_USE_BRDF1 UNITY_SPECCUBE_BOX_PROJECTION UNITY_SPECCUBE_BLENDING UNITY_ENABLE_DETAIL_NORMALMAP SHADER_API_DESKTOP UNITY_LIGHT_PROBE_PROXY_VOLUME UNITY_LIGHTMAP_RGBM_ENCODING ok=1
Cmd: compileSnippet
  error: 1 plat 4 at (163): implicit truncation of vector type\nCompiling Fragment program with _ADDITIONAL_LIGHTS
Platform defines: UNITY_ENABLE_REFLECTION_BUFFERS UNITY_USE_DITHER_MASK_FOR_ALPHABLENDED_SHADOWS UNITY_PBS_USE_BRDF1 UNITY_SPECCUBE_BOX_PROJECTION UNITY_SPECCUBE_BLENDING UNITY_ENABLE_DETAIL_NORMALMAP SHADER_API_DESKTOP UNITY_LIGHT_PROBE_PROXY_VOLUME UNITY_LIGHTMAP_RGBM_ENCODING
  api=4 type=1 insize=14722 outsize=4258 kw=_ADDITIONAL_LIGHTS pd=UNITY_ENABLE_REFLECTION_BUFFERS UNITY_USE_DITHER_MASK_FOR_ALPHABLENDED_SHADOWS UNITY_PBS_USE_BRDF1 UNITY_SPECCUBE_BOX_PROJECTION UNITY_SPECCUBE_BLENDING UNITY_ENABLE_DETAIL_NORMALMAP SHADER_API_DESKTOP UNITY_LIGHT_PROBE_PROXY_VOLUME UNITY_LIGHTMAP_RGBM_ENCODING ok=1
Cmd: preprocess
  insize=53299 outsize=2691 ok=1
Cmd: preprocess
  insize=811 outsize=209 ok=1
Cmd: preprocess
  insize=811 outsize=209 ok=1
Cmd: preprocess
  insize=811 outsize=209 ok=1
Cmd: preprocess
  insize=811 outsize=209 ok=1
Cmd: preprocess
  insize=811 outsize=209 ok=1
Cmd: preprocess
  insize=811 outsize=209 ok=1
Cmd: preprocess
  insize=811 outsize=209 ok=1
Cmd: preprocess
  insize=811 outsize=209 ok=1
Cmd: preprocess
  insize=811 outsize=209 ok=1
Cmd: preprocess
  insize=811 outsize=209 ok=1
Cmd: preprocess
  insize=811 outsize=209 ok=1
Cmd: preprocess
  insize=811 outsize=209 ok=1
Cmd: preprocess
  insize=811 outsize=209 ok=1
Cmd: preprocess
  insize=811 outsize=209 ok=1
Cmd: preprocess
  insize=811 outsize=209 ok=1
Cmd: preprocess
  insize=811 outsize=209 ok=1
Cmd: preprocess
  insize=811 outsize=209 ok=1
Cmd: preprocess
  insize=811 outsize=209 ok=1
Cmd: preprocess
  insize=811 outsize=209 ok=1
Cmd: preprocess
  insize=811 outsize=209 ok=1
Cmd: preprocess
  insize=5061 outsize=417 ok=1
Cmd: preprocess
  insize=4481 outsize=416 ok=1
Cmd: preprocess
  insize=5056 outsize=416 ok=1
Cmd: preprocess
  insize=4259 outsize=413 ok=1
Cmd: preprocess
  insize=5857 outsize=412 ok=1
Cmd: preprocess
  insize=4376 outsize=412 ok=1
Cmd: preprocess
  insize=4376 outsize=412 ok=1
Cmd: preprocess
  insize=4058 outsize=418 ok=1
Cmd: preprocess
  insize=4058 outsize=419 ok=1
Cmd: preprocess
  insize=64461 outsize=2681 ok=1
Cmd: preprocess
  insize=6776 outsize=424 ok=1
Cmd: preprocess
  insize=3196 outsize=410 ok=1
Cmd: preprocess
  insize=3196 outsize=410 ok=1
Cmd: preprocess
  insize=4138 outsize=469 ok=1
Cmd: preprocess
  insize=4138 outsize=469 ok=1
Cmd: preprocess
  insize=4456 outsize=463 ok=1
Cmd: preprocess
  insize=5136 outsize=467 ok=1
Cmd: preprocess
  insize=5937 outsize=463 ok=1
Cmd: preprocess
  insize=6856 outsize=475 ok=1
Cmd: preprocess
  insize=64697 outsize=2732 ok=1
Cmd: preprocess
  insize=4456 outsize=463 ok=1
Cmd: preprocess
  insize=4339 outsize=464 ok=1
Cmd: preprocess
  insize=4561 outsize=467 ok=1
Cmd: preprocess
  insize=5141 outsize=468 ok=1
Cmd: compileSnippet
  api=4 type=0 insize=9119 outsize=1026 kw=UNITY_PASS_SHADOWCASTER pd=UNITY_ENABLE_REFLECTION_BUFFERS UNITY_USE_DITHER_MASK_FOR_ALPHABLENDED_SHADOWS UNITY_PBS_USE_BRDF1 UNITY_SPECCUBE_BOX_PROJECTION UNITY_SPECCUBE_BLENDING UNITY_ENABLE_DETAIL_NORMALMAP SHADER_API_DESKTOP UNITY_LIGHT_PROBE_PROXY_VOLUME UNITY_LIGHTMAP_RGBM_ENCODING ok=1
Cmd: compileSnippet
  error: 1 plat 4 at (209): implicit truncation of vector type\nCompiling Fragment program with _ADDITIONAL_LIGHTS
Platform defines: UNITY_ENABLE_REFLECTION_BUFFERS UNITY_USE_DITHER_MASK_FOR_ALPHABLENDED_SHADOWS UNITY_PBS_USE_BRDF1 UNITY_SPECCUBE_BOX_PROJECTION UNITY_SPECCUBE_BLENDING UNITY_ENABLE_DETAIL_NORMALMAP SHADER_API_DESKTOP UNITY_LIGHT_PROBE_PROXY_VOLUME UNITY_LIGHTMAP_RGBM_ENCODING
  api=4 type=1 insize=17398 outsize=4738 kw=_ADDITIONAL_LIGHTS pd=UNITY_ENABLE_REFLECTION_BUFFERS UNITY_USE_DITHER_MASK_FOR_ALPHABLENDED_SHADOWS UNITY_PBS_USE_BRDF1 UNITY_SPECCUBE_BOX_PROJECTION UNITY_SPECCUBE_BLENDING UNITY_ENABLE_DETAIL_NORMALMAP SHADER_API_DESKTOP UNITY_LIGHT_PROBE_PROXY_VOLUME UNITY_LIGHTMAP_RGBM_ENCODING ok=1
Cmd: preprocess
  insize=811 outsize=209 ok=1
Cmd: preprocess
  insize=811 outsize=209 ok=1
Cmd: preprocess
  insize=3336 outsize=466 ok=1
Cmd: preprocess
  insize=4846 outsize=467 ok=1
Cmd: preprocess
  insize=4873 outsize=467 ok=1
Cmd: preprocess
  insize=64658 outsize=2731 ok=1
Cmd: preprocess
  insize=60837 outsize=2743 ok=1
Cmd: preprocess
  insize=60837 outsize=2743 ok=1
Cmd: compileSnippet
  api=4 type=0 insize=8514 outsize=1026 kw=UNITY_PASS_SHADOWCASTER pd=UNITY_ENABLE_REFLECTION_BUFFERS UNITY_USE_DITHER_MASK_FOR_ALPHABLENDED_SHADOWS UNITY_PBS_USE_BRDF1 UNITY_SPECCUBE_BOX_PROJECTION UNITY_SPECCUBE_BLENDING UNITY_ENABLE_DETAIL_NORMALMAP SHADER_API_DESKTOP UNITY_LIGHT_PROBE_PROXY_VOLUME UNITY_LIGHTMAP_RGBM_ENCODING ok=1
Cmd: compileSnippet
  api=4 type=1 insize=8514 outsize=218 kw=UNITY_PASS_SHADOWCASTER pd=UNITY_ENABLE_REFLECTION_BUFFERS UNITY_USE_DITHER_MASK_FOR_ALPHABLENDED_SHADOWS UNITY_PBS_USE_BRDF1 UNITY_SPECCUBE_BOX_PROJECTION UNITY_SPECCUBE_BLENDING UNITY_ENABLE_DETAIL_NORMALMAP SHADER_API_DESKTOP UNITY_LIGHT_PROBE_PROXY_VOLUME UNITY_LIGHTMAP_RGBM_ENCODING ok=1
Cmd: compileSnippet
  api=4 type=0 insize=16634 outsize=2066 kw=_ADDITIONAL_LIGHTS pd=UNITY_ENABLE_REFLECTION_BUFFERS UNITY_USE_DITHER_MASK_FOR_ALPHABLENDED_SHADOWS UNITY_PBS_USE_BRDF1 UNITY_SPECCUBE_BOX_PROJECTION UNITY_SPECCUBE_BLENDING UNITY_ENABLE_DETAIL_NORMALMAP SHADER_API_DESKTOP UNITY_LIGHT_PROBE_PROXY_VOLUME UNITY_LIGHTMAP_RGBM_ENCODING ok=1
Cmd: compileSnippet
  api=4 type=1 insize=16634 outsize=4310 kw=_ADDITIONAL_LIGHTS pd=UNITY_ENABLE_REFLECTION_BUFFERS UNITY_USE_DITHER_MASK_FOR_ALPHABLENDED_SHADOWS UNITY_PBS_USE_BRDF1 UNITY_SPECCUBE_BOX_PROJECTION UNITY_SPECCUBE_BLENDING UNITY_ENABLE_DETAIL_NORMALMAP SHADER_API_DESKTOP UNITY_LIGHT_PROBE_PROXY_VOLUME UNITY_LIGHTMAP_RGBM_ENCODING ok=1
